<?xml version="1.0" encoding="UTF-8"?>
<testsuite name="TestSuite" time="1.149" tests="5" errors="0" skipped="0" failures="2">
  <properties>
[...]
</properties>
  <testcase name="getAllUsers" classname="com.vin.vinapi.UserTests" time="0.743"/>
  <testcase name="getUserById" classname="com.vin.vinapi.UserTests" time="0.118"/>
  <testcase name="getAllPosts" classname="com.vin.vinapi.PostTests" time="0.136"/>
  <testcase name="getPostById" classname="com.vin.vinapi.PostTests" time="0.152">
    <failure message="Returned post of different ID expected [1] but found [2]" type="java.lang.AssertionError">java.lang.AssertionError: Returned post of different ID expected [1] but found [2]
	at org.testng.Assert.fail(Assert.java:94)
	at org.testng.Assert.failNotEquals(Assert.java:494)
	at org.testng.Assert.assertEquals(Assert.java:123)
	at org.testng.Assert.assertEquals(Assert.java:176)
	at com.vin.vinapi.PostTests.getPostById(PostTests.java:25)
</failure>
    <system-out><![CDATA[Request URL : http://jsonplaceholder.typicode.com/posts/2
Response Code : 200
Response Content : {  "userId": 1,  "id": 2,  "title": "qui est esse",  "body": "est rerum tempore vitae\nsequi sint nihil reprehenderit dolor beatae ea dolores neque\nfugiat blanditiis voluptate porro vel nihil molestiae ut reiciendis\nqui aperiam non debitis possimus qui neque nisi nulla"}
]]></system-out>
  </testcase>
  <testcase name="getPostById" classname="com.vin.vinapi.PostTests" time="0.113">
    <failure message="Returned post of different ID expected [1] but found [2]" type="java.lang.AssertionError">java.lang.AssertionError: Returned post of different ID expected [1] but found [2]
	at org.testng.Assert.fail(Assert.java:94)
	at org.testng.Assert.failNotEquals(Assert.java:494)
	at org.testng.Assert.assertEquals(Assert.java:123)
	at org.testng.Assert.assertEquals(Assert.java:176)
	at com.vin.vinapi.PostTests.getPostById(PostTests.java:25)
</failure>
    <system-out><![CDATA[Retrying test getPostById with status FAILURE for the 1 time(s).
Request URL : http://jsonplaceholder.typicode.com/posts/2
Response Code : 200
Response Content : {  "userId": 1,  "id": 2,  "title": "qui est esse",  "body": "est rerum tempore vitae\nsequi sint nihil reprehenderit dolor beatae ea dolores neque\nfugiat blanditiis voluptate porro vel nihil molestiae ut reiciendis\nqui aperiam non debitis possimus qui neque nisi nulla"}
]]></system-out>
  </testcase>
</testsuite>