<?xml version="1.0" encoding="UTF-8"?>
<!-- Generated by org.testng.reporters.JUnitXMLReporter -->
<testsuite hostname="INLM50931632A.ariba.com" name="vin test cases" tests="5" failures="2" timestamp="30 Jan 2017 08:32:28 GMT" time="1.273" errors="0">
  <testcase name="getAllUsers" time="0.743" classname="com.vin.vinapi.UserTests"/>
  <testcase name="getUserById" time="0.119" classname="com.vin.vinapi.UserTests"/>
  <testcase name="getAllPosts" time="0.135" classname="com.vin.vinapi.PostTests"/>
  <testcase name="getPostById" time="0.149" classname="com.vin.vinapi.PostTests">
    <failure type="java.lang.AssertionError" message="Returned post of different ID expected [1] but found [2]">
      <![CDATA[java.lang.AssertionError: Returned post of different ID expected [1] but found [2]
	at com.vin.vinapi.PostTests.getPostById(PostTests.java:25)
... Removed 31 stack frames]]>
    </failure>
  </testcase> <!-- getPostById -->
  <testcase name="getPostById" time="0.114" classname="com.vin.vinapi.PostTests">
    <failure type="java.lang.AssertionError" message="Returned post of different ID expected [1] but found [2]">
      <![CDATA[java.lang.AssertionError: Returned post of different ID expected [1] but found [2]
	at com.vin.vinapi.PostTests.getPostById(PostTests.java:25)
... Removed 31 stack frames]]>
    </failure>
  </testcase> <!-- getPostById -->
</testsuite> <!-- vin test cases -->
