<?xml version="1.0" encoding="UTF-8"?>
<testng-results skipped="0" failed="0" total="2" passed="2">
  <reporter-output>
  </reporter-output>
  <suite name="Default suite" duration-ms="1042" started-at="2017-01-28T12:37:42Z" finished-at="2017-01-28T12:37:43Z">
    <groups>
    </groups>
    <test name="Default test" duration-ms="1042" started-at="2017-01-28T12:37:42Z" finished-at="2017-01-28T12:37:43Z">
      <class name="com.vin.vinapi.UserTests">
        <test-method status="PASS" signature="getAllUsers()[pri:0, instance:com.vin.vinapi.UserTests@61a485d2]" name="getAllUsers" duration-ms="844" started-at="2017-01-28T18:07:42Z" finished-at="2017-01-28T18:07:43Z">
          <reporter-output>
          </reporter-output>
        </test-method> <!-- getAllUsers -->
        <test-method status="PASS" signature="getUserById()[pri:0, instance:com.vin.vinapi.UserTests@61a485d2]" name="getUserById" duration-ms="186" started-at="2017-01-28T18:07:43Z" finished-at="2017-01-28T18:07:43Z">
          <reporter-output>
          </reporter-output>
        </test-method> <!-- getUserById -->
      </class> <!-- com.vin.vinapi.UserTests -->
    </test> <!-- Default test -->
  </suite> <!-- Default suite -->
</testng-results>
